Virtuoso Framework License (111) was checked out successfully. Total checkout time was 0.08s.
********************************************************************************
Product   : Virtuoso(R) XStream Out
Program   : @(#)$CDS: strmout version IC23.1-64b 04/22/2025 22:31 (cpgbld17) $
          : sub-version  IC23.1-64b.ISR14.32 
Started at: 27-Feb-2026  18:34:59
User Name : mmunoria
Host Name : c17-orng-07.ad.mtu.edu
Directory : /home/campus15/mmunoria
CADENCE Design Systems, Inc.
********************************************************************************
Info: Cellview Rev Num:99,  Tech Rev Num:59

WARNING (XSTRM-20): Output Stream file '/home/campus15/mmunoria/progress_xp/NOT/DRC/NOT.gds.gz' already exists. It will be overwritten.
Loading sky130_fd_pr_main/libInit.il ...
	Loading sky130_fd_pr_main/loadCxt.ile ... done!
	Loading context 'sky130_fd_pr_main' from library 'sky130_fd_pr_main' ... done!
	Loading context 'pdkUtils' from library 'sky130_fd_pr_main' ... done!
	Loading sky130_fd_pr_main/libInitCktPro.il ... done!
	Loading sky130_fd_pr_main/libInitCustomExit.il ... 	Loading Environment Settings ...
done!
Loaded sky130_fd_pr_main/libInit.il successfully!
INFO (XSTRM-217): Reading the layer map file, /opt/cadence-suite/sky130_release_0.0.4/libs/sky130_fd_pr_main/sky130_fd_pr_main.layermap
WARNING (XSTRM-333): The '-enableColoring' option will be ignored during XStream Out. This is because there is no color entry in the layer map and the object map file.
INFO (XSTRM-427): Based on current hardware configuration, running XStream Out translation in multi-threaded mode with 4 threads.
INFO (XSTRM-280): The output file will be a compressed file because the file name has extension .gz
INFO (XSTRM-162): You have not used the '-viaMap' option. If the OpenAccess design has native oaVia instances, use the '-viaMap' option for preserving oaVia instances in a XStream Out - XStream In round trip. Using the '-viaMap' option improves performance and VM usage of applications using the Streamed-In design.

Summary of Options :
library                                 progress_xp
strmFile                                /home/campus15/mmunoria/progress_xp/NOT/DRC/NOT.gds.gz
topCell                                 NOT
view                                    layout
runDir                                  /home/campus15/mmunoria/progress_xp/NOT/DRC
logFile                                 /home/campus15/mmunoria/progress_xp/NOT/DRC/PIPO1.LOG
techLib                                 sky130_fd_pr_main
hierDepth                               32
maxVertices                             2048
layerMap                                /opt/cadence-suite/sky130_release_0.0.4/libs/sky130_fd_pr_main/sky130_fd_pr_main.layermap
userSkillFile                           /home/campus15/mmunoria/progress_xp/NOT/DRC/strmout.il
labelDepth                              32
case                                    Preserve
convertDot                              node

INFO (XSTRM-223): 1. Translating customVia sky130_fd_pr_main/polyConn/layout as STRUCTURE polyConn_CDNS_772235299530.
INFO (XSTRM-223): 2. Translating customVia sky130_fd_pr_main/nwellTap/layout as STRUCTURE nwellTap_CDNS_772235299531.
INFO (XSTRM-223): 3. Translating stdVia sky130_fd_pr_main/L1M1_C/layout as STRUCTURE L1M1_C_CDNS_772235299530.
INFO (XSTRM-223): 4. Translating stdVia sky130_fd_pr_main/L1M1_C/layout as STRUCTURE L1M1_C_CDNS_772235299531.
INFO (XSTRM-223): 5. Translating customVia sky130_fd_pr_main/subTap/layout as STRUCTURE subTap_CDNS_772235299532.
INFO (XSTRM-223): 6. Translating cellview sky130_fd_pr_main/nfet_01v8/layout as STRUCTURE nfet_01v8_CDNS_772235299533.
INFO (XSTRM-223): 7. Translating cellview sky130_fd_pr_main/pfet_01v8/layout as STRUCTURE pfet_01v8_CDNS_772235299534.
INFO (XSTRM-223): 8. Translating cellview progress_xp/NOT/layout as STRUCTURE NOT.

Summary of Objects Translated:
	Scalar Instances:                       2
	Array Instances:                        0
	Polygons:                               0
	Paths:                                  0
	Rectangles:                             57
	Lines:                                  0
	Arcs:                                   0
	Donuts:                                 0
	Dots:                                   0
	Ellipses:                               0
	Boundaries:                             0
	Area Blockages:                         0
	Layer Blockages:                        0
	Area Halos:                             0
	Markers:                                0
	Rows:                                   0
	Stitch:                                 0
	Standard Vias                           3
	Custom Vias:                            3
	CdsGen Vias:                            0
	Pathsegs:                               19
	Text:                                   0
	TextDisplay:                            0
	Cells:                                  8

Elapsed Time: 0.4s   User Time: 0.1s   CPU Time: 0.0s   Peak VM: 35512KB
INFO (XSTRM-234): Translation completed. '0' error(s) and '2' warning(s) found.
